<?xml version="1.0" encoding="UTF-8"?>
<!-- Generated by org.testng.reporters.JUnitXMLReporter -->
<testsuite ignored="0" hostname="DESKTOP-PBCNC1S" failures="2" tests="2" name="Test" time="12.967" errors="0" timestamp="2023-11-24T11:04:49 IST">
  <testcase classname="testCases.TC__001_AccountRistarationtest" name="test_registartion" time="3.916">
    <failure type="java.lang.AssertionError" message="null">
      <![CDATA[java.lang.AssertionError: null
at testCases.TC__001_AccountRistarationtest.test_registartion(TC__001_AccountRistarationtest.java:34)
at java.base/java.util.ArrayList.forEach(ArrayList.java:1511)
... Removed 29 stack frames]]>
    </failure>
  </testcase> <!-- test_registartion -->
  <testcase classname="testCases.TC__001_AccountRistarationtest" name="test_registartion" time="4.011">
    <failure type="java.lang.NullPointerException" message="Cannot invoke &amp;quot;org.openqa.selenium.TakesScreenshot.getScreenshotAs(org.openqa.selenium.OutputType)&amp;quot; because &amp;quot;takesScreenshot&amp;quot; is null">
      <![CDATA[java.lang.NullPointerException: Cannot invoke "org.openqa.selenium.TakesScreenshot.getScreenshotAs(org.openqa.selenium.OutputType)" because "takesScreenshot" is null
at testCases.Baseclass.captureScreen(Baseclass.java:70)
at utilities.ExtentReportManager.onTestFailure(ExtentReportManager.java:58)
at java.base/java.util.ArrayList.forEach(ArrayList.java:1511)
... Removed 24 stack frames]]>
    </failure>
  </testcase> <!-- test_registartion -->
</testsuite> <!-- Test -->
